build/app/intermediates/manifest_merge_blame_file/debug/manifest-merger-blame-debug-report.txt
1<?xml version="1.0" encoding="utf-8"?>
2<manifest xmlns:android="http://schemas.android.com/apk/res/android"
3    package="com.example.hq"
4    android:versionCode="1"
5    android:versionName="1.0.0" >
6
7    <uses-sdk
8        android:minSdkVersion="21"
9        android:targetSdkVersion="28" />
10    <!--
11         Flutter needs it to communicate with the running application
12         to allow setting breakpoints, to provide hot reload, etc.
13    -->
14    <uses-permission android:name="android.permission.INTERNET" />
14-->src\debug\AndroidManifest.xml:6:5-66
14-->src\debug\AndroidManifest.xml:6:22-64
15    <uses-permission android:name="android.permission.WAKE_LOCK" />
15-->[:firebase_messaging] AndroidManifest.xml:8:5-68
15-->[:firebase_messaging] AndroidManifest.xml:8:22-65
16    <uses-permission android:name="android.permission.ACCESS_NETWORK_STATE" />
16-->[:firebase_messaging] AndroidManifest.xml:9:5-79
16-->[:firebase_messaging] AndroidManifest.xml:9:22-76
17    <uses-permission android:name="android.permission.READ_EXTERNAL_STORAGE" />
17-->[:file_picker] AndroidManifest.xml:7:5-80
17-->[:file_picker] AndroidManifest.xml:7:22-77
18
19    <queries>
19-->[:file_picker] AndroidManifest.xml:9:5-15:15
20        <intent>
20-->[:file_picker] AndroidManifest.xml:10:9-14:18
21            <action android:name="android.intent.action.GET_CONTENT" />
21-->[:file_picker] AndroidManifest.xml:11:13-72
21-->[:file_picker] AndroidManifest.xml:11:21-69
22
23            <data android:mimeType="*/*" />
23-->[:file_picker] AndroidManifest.xml:13:13-44
23-->[:file_picker] AndroidManifest.xml:13:19-41
24        </intent>
25    </queries> <!-- Samsung Badge -->
26    <uses-permission android:name="com.sec.android.provider.badge.permission.READ" />
26-->[:awesome_notifications] AndroidManifest.xml:8:5-86
26-->[:awesome_notifications] AndroidManifest.xml:8:22-83
27    <uses-permission android:name="com.sec.android.provider.badge.permission.WRITE" /> <!-- Sony Badge -->
27-->[:awesome_notifications] AndroidManifest.xml:9:5-87
27-->[:awesome_notifications] AndroidManifest.xml:9:22-84
28    <uses-permission android:name="com.sonyericsson.home.permission.BROADCAST_BADGE" /> <!-- HTC Badge -->
28-->[:awesome_notifications] AndroidManifest.xml:12:5-88
28-->[:awesome_notifications] AndroidManifest.xml:12:22-85
29    <uses-permission android:name="com.htc.launcher.permission.READ_SETTINGS" />
29-->[:awesome_notifications] AndroidManifest.xml:15:5-81
29-->[:awesome_notifications] AndroidManifest.xml:15:22-78
30    <uses-permission android:name="com.htc.launcher.permission.UPDATE_SHORTCUT" />
30-->[:awesome_notifications] AndroidManifest.xml:16:5-83
30-->[:awesome_notifications] AndroidManifest.xml:16:22-80
31    <uses-permission android:name="android.permission.RECEIVE_BOOT_COMPLETED" /> <!-- Required by older versions of Google Play services to create IID tokens -->
31-->[:awesome_notifications] AndroidManifest.xml:17:5-81
31-->[:awesome_notifications] AndroidManifest.xml:17:22-78
32    <uses-permission android:name="com.google.android.c2dm.permission.RECEIVE" />
32-->[com.google.firebase:firebase-messaging:22.0.0] AndroidManifest.xml:25:5-82
32-->[com.google.firebase:firebase-messaging:22.0.0] AndroidManifest.xml:25:22-79
33
34    <application
34-->src\main\AndroidManifest.xml:3:4-41:19
35        android:appComponentFactory="androidx.core.app.CoreComponentFactory"
35-->[androidx.core:core:1.3.1] AndroidManifest.xml:24:18-86
36        android:debuggable="true"
37        android:icon="@mipmap/ic_launcher"
37-->src\main\AndroidManifest.xml:6:9-43
38        android:label="hq"
38-->src\main\AndroidManifest.xml:5:9-27
39        android:usesCleartextTraffic="true" >
39-->src\main\AndroidManifest.xml:4:4-39
40        <activity
40-->src\main\AndroidManifest.xml:7:9-35:20
41            android:name="com.example.hq.MainActivity"
41-->src\main\AndroidManifest.xml:8:13-41
42            android:configChanges="orientation|keyboardHidden|keyboard|screenSize|smallestScreenSize|locale|layoutDirection|fontScale|screenLayout|density|uiMode"
42-->src\main\AndroidManifest.xml:11:13-163
43            android:hardwareAccelerated="true"
43-->src\main\AndroidManifest.xml:12:13-47
44            android:launchMode="singleTop"
44-->src\main\AndroidManifest.xml:9:13-43
45            android:theme="@style/LaunchTheme"
45-->src\main\AndroidManifest.xml:10:13-47
46            android:windowSoftInputMode="adjustResize" >
46-->src\main\AndroidManifest.xml:13:13-55
47
48            <!--
49                 Specifies an Android theme to apply to this Activity as soon as
50                 the Android process has started. This theme is visible to the user
51                 while the Flutter UI initializes. After that, this theme continues
52                 to determine the Window background behind the Flutter UI.
53            -->
54            <meta-data
54-->src\main\AndroidManifest.xml:18:13-21:17
55                android:name="io.flutter.embedding.android.NormalTheme"
55-->src\main\AndroidManifest.xml:19:15-70
56                android:resource="@style/NormalTheme" />
56-->src\main\AndroidManifest.xml:20:15-52
57            <!--
58                 Displays an Android View that continues showing the launch screen
59                 Drawable until Flutter paints its first frame, then this splash
60                 screen fades out. A splash screen is useful to avoid any visual
61                 gap between the end of Android's launch screen and the painting of
62                 Flutter's first frame.
63            -->
64            <meta-data
64-->src\main\AndroidManifest.xml:27:13-30:17
65                android:name="io.flutter.embedding.android.SplashScreenDrawable"
65-->src\main\AndroidManifest.xml:28:15-79
66                android:resource="@drawable/launch_background" />
66-->src\main\AndroidManifest.xml:29:15-61
67
68            <intent-filter>
68-->src\main\AndroidManifest.xml:31:13-34:29
69                <action android:name="android.intent.action.MAIN" />
69-->src\main\AndroidManifest.xml:32:17-68
69-->src\main\AndroidManifest.xml:32:25-66
70
71                <category android:name="android.intent.category.LAUNCHER" />
71-->src\main\AndroidManifest.xml:33:17-76
71-->src\main\AndroidManifest.xml:33:27-74
72            </intent-filter>
73        </activity>
74        <!--
75             Don't delete the meta-data below.
76             This is used by the Flutter tool to generate GeneratedPluginRegistrant.java
77        -->
78        <meta-data
78-->src\main\AndroidManifest.xml:38:9-40:33
79            android:name="flutterEmbedding"
79-->src\main\AndroidManifest.xml:39:13-44
80            android:value="2" />
80-->src\main\AndroidManifest.xml:40:13-30
81
82        <service
82-->[:firebase_database] AndroidManifest.xml:8:9-12:19
83            android:name="com.google.firebase.components.ComponentDiscoveryService"
83-->[:firebase_database] AndroidManifest.xml:8:18-89
84            android:directBootAware="true"
84-->[com.google.firebase:firebase-common:20.0.0] AndroidManifest.xml:35:13-43
85            android:exported="false" >
85-->[com.google.firebase:firebase-messaging:22.0.0] AndroidManifest.xml:51:13-37
86            <meta-data
86-->[:firebase_database] AndroidManifest.xml:9:13-11:85
87                android:name="com.google.firebase.components:io.flutter.plugins.firebase.database.FlutterFirebaseAppRegistrar"
87-->[:firebase_database] AndroidManifest.xml:10:17-127
88                android:value="com.google.firebase.components.ComponentRegistrar" />
88-->[:firebase_database] AndroidManifest.xml:11:17-82
89            <meta-data
89-->[:cloud_firestore] AndroidManifest.xml:9:13-11:85
90                android:name="com.google.firebase.components:io.flutter.plugins.firebase.firestore.FlutterFirebaseFirestoreRegistrar"
90-->[:cloud_firestore] AndroidManifest.xml:10:17-134
91                android:value="com.google.firebase.components.ComponentRegistrar" />
91-->[:cloud_firestore] AndroidManifest.xml:11:17-82
92            <meta-data
92-->[:firebase_auth] AndroidManifest.xml:9:13-11:85
93                android:name="com.google.firebase.components:io.flutter.plugins.firebase.auth.FlutterFirebaseAuthRegistrar"
93-->[:firebase_auth] AndroidManifest.xml:10:17-124
94                android:value="com.google.firebase.components.ComponentRegistrar" />
94-->[:firebase_auth] AndroidManifest.xml:11:17-82
95            <meta-data
95-->[:firebase_storage] AndroidManifest.xml:9:13-11:85
96                android:name="com.google.firebase.components:io.flutter.plugins.firebase.storage.FlutterFirebaseAppRegistrar"
96-->[:firebase_storage] AndroidManifest.xml:10:17-126
97                android:value="com.google.firebase.components.ComponentRegistrar" />
97-->[:firebase_storage] AndroidManifest.xml:11:17-82
98            <meta-data
98-->[:firebase_messaging] AndroidManifest.xml:34:13-36:85
99                android:name="com.google.firebase.components:io.flutter.plugins.firebase.messaging.FlutterFirebaseAppRegistrar"
99-->[:firebase_messaging] AndroidManifest.xml:35:17-128
100                android:value="com.google.firebase.components.ComponentRegistrar" />
100-->[:firebase_messaging] AndroidManifest.xml:36:17-82
101            <meta-data
101-->[:firebase_core] AndroidManifest.xml:9:13-11:85
102                android:name="com.google.firebase.components:io.flutter.plugins.firebase.core.FlutterFirebaseCoreRegistrar"
102-->[:firebase_core] AndroidManifest.xml:10:17-124
103                android:value="com.google.firebase.components.ComponentRegistrar" />
103-->[:firebase_core] AndroidManifest.xml:11:17-82
104            <meta-data
104-->[com.google.firebase:firebase-messaging:22.0.0] AndroidManifest.xml:52:13-54:85
105                android:name="com.google.firebase.components:com.google.firebase.messaging.FirebaseMessagingRegistrar"
105-->[com.google.firebase:firebase-messaging:22.0.0] AndroidManifest.xml:53:17-119
106                android:value="com.google.firebase.components.ComponentRegistrar" />
106-->[com.google.firebase:firebase-messaging:22.0.0] AndroidManifest.xml:54:17-82
107            <meta-data
107-->[com.google.firebase:firebase-datatransport:18.0.0] AndroidManifest.xml:28:13-30:85
108                android:name="com.google.firebase.components:com.google.firebase.datatransport.TransportRegistrar"
108-->[com.google.firebase:firebase-datatransport:18.0.0] AndroidManifest.xml:29:17-115
109                android:value="com.google.firebase.components.ComponentRegistrar" />
109-->[com.google.firebase:firebase-datatransport:18.0.0] AndroidManifest.xml:30:17-82
110            <meta-data
110-->[com.google.firebase:firebase-auth:21.0.1] AndroidManifest.xml:77:13-79:85
111                android:name="com.google.firebase.components:com.google.firebase.auth.FirebaseAuthRegistrar"
111-->[com.google.firebase:firebase-auth:21.0.1] AndroidManifest.xml:78:17-109
112                android:value="com.google.firebase.components.ComponentRegistrar" />
112-->[com.google.firebase:firebase-auth:21.0.1] AndroidManifest.xml:79:17-82
113            <meta-data
113-->[com.google.firebase:firebase-firestore:23.0.3] AndroidManifest.xml:20:13-22:85
114                android:name="com.google.firebase.components:com.google.firebase.firestore.FirestoreRegistrar"
114-->[com.google.firebase:firebase-firestore:23.0.3] AndroidManifest.xml:21:17-111
115                android:value="com.google.firebase.components.ComponentRegistrar" />
115-->[com.google.firebase:firebase-firestore:23.0.3] AndroidManifest.xml:22:17-82
116            <meta-data
116-->[com.google.firebase:firebase-storage:20.0.0] AndroidManifest.xml:33:13-35:85
117                android:name="com.google.firebase.components:com.google.firebase.storage.StorageRegistrar"
117-->[com.google.firebase:firebase-storage:20.0.0] AndroidManifest.xml:34:17-107
118                android:value="com.google.firebase.components.ComponentRegistrar" />
118-->[com.google.firebase:firebase-storage:20.0.0] AndroidManifest.xml:35:17-82
119            <meta-data
119-->[com.google.firebase:firebase-database:20.0.1] AndroidManifest.xml:32:13-34:85
120                android:name="com.google.firebase.components:com.google.firebase.database.DatabaseRegistrar"
120-->[com.google.firebase:firebase-database:20.0.1] AndroidManifest.xml:33:17-109
121                android:value="com.google.firebase.components.ComponentRegistrar" />
121-->[com.google.firebase:firebase-database:20.0.1] AndroidManifest.xml:34:17-82
122            <meta-data
122-->[com.google.firebase:firebase-installations:17.0.0] AndroidManifest.xml:18:13-20:85
123                android:name="com.google.firebase.components:com.google.firebase.installations.FirebaseInstallationsRegistrar"
123-->[com.google.firebase:firebase-installations:17.0.0] AndroidManifest.xml:19:17-127
124                android:value="com.google.firebase.components.ComponentRegistrar" />
124-->[com.google.firebase:firebase-installations:17.0.0] AndroidManifest.xml:20:17-82
125        </service>
126        <service
126-->[:firebase_messaging] AndroidManifest.xml:12:9-15:72
127            android:name="io.flutter.plugins.firebase.messaging.FlutterFirebaseMessagingBackgroundService"
127-->[:firebase_messaging] AndroidManifest.xml:13:13-107
128            android:exported="false"
128-->[:firebase_messaging] AndroidManifest.xml:14:13-37
129            android:permission="android.permission.BIND_JOB_SERVICE" />
129-->[:firebase_messaging] AndroidManifest.xml:15:13-69
130        <service
130-->[:firebase_messaging] AndroidManifest.xml:16:9-22:19
131            android:name="io.flutter.plugins.firebase.messaging.FlutterFirebaseMessagingService"
131-->[:firebase_messaging] AndroidManifest.xml:17:13-97
132            android:exported="false" >
132-->[:firebase_messaging] AndroidManifest.xml:18:13-37
133            <intent-filter>
133-->[:firebase_messaging] AndroidManifest.xml:19:13-21:29
134                <action android:name="com.google.firebase.MESSAGING_EVENT" />
134-->[:firebase_messaging] AndroidManifest.xml:20:17-78
134-->[:firebase_messaging] AndroidManifest.xml:20:25-75
135            </intent-filter>
136        </service>
137
138        <receiver
138-->[:firebase_messaging] AndroidManifest.xml:24:9-31:20
139            android:name="io.flutter.plugins.firebase.messaging.FlutterFirebaseMessagingReceiver"
139-->[:firebase_messaging] AndroidManifest.xml:25:13-98
140            android:exported="true"
140-->[:firebase_messaging] AndroidManifest.xml:26:13-36
141            android:permission="com.google.android.c2dm.permission.SEND" >
141-->[:firebase_messaging] AndroidManifest.xml:27:13-73
142            <intent-filter>
142-->[:firebase_messaging] AndroidManifest.xml:28:13-30:29
143                <action android:name="com.google.android.c2dm.intent.RECEIVE" />
143-->[:firebase_messaging] AndroidManifest.xml:29:17-81
143-->[:firebase_messaging] AndroidManifest.xml:29:25-78
144            </intent-filter>
145        </receiver>
146
147        <provider
147-->[:firebase_messaging] AndroidManifest.xml:39:9-43:38
148            android:name="io.flutter.plugins.firebase.messaging.FlutterFirebaseMessagingInitProvider"
148-->[:firebase_messaging] AndroidManifest.xml:40:13-102
149            android:authorities="com.example.hq.flutterfirebasemessaginginitprovider"
149-->[:firebase_messaging] AndroidManifest.xml:41:13-88
150            android:exported="false"
150-->[:firebase_messaging] AndroidManifest.xml:42:13-37
151            android:initOrder="99" />
151-->[:firebase_messaging] AndroidManifest.xml:43:13-35
152        <provider
152-->[:image_picker] AndroidManifest.xml:8:9-16:20
153            android:name="io.flutter.plugins.imagepicker.ImagePickerFileProvider"
153-->[:image_picker] AndroidManifest.xml:9:13-82
154            android:authorities="com.example.hq.flutter.image_provider"
154-->[:image_picker] AndroidManifest.xml:10:13-74
155            android:exported="false"
155-->[:image_picker] AndroidManifest.xml:11:13-37
156            android:grantUriPermissions="true" >
156-->[:image_picker] AndroidManifest.xml:12:13-47
157            <meta-data
157-->[:image_picker] AndroidManifest.xml:13:13-15:75
158                android:name="android.support.FILE_PROVIDER_PATHS"
158-->[:image_picker] AndroidManifest.xml:14:17-67
159                android:resource="@xml/flutter_image_picker_file_paths" />
159-->[:image_picker] AndroidManifest.xml:15:17-72
160        </provider>
161        <!--
162        <service
163            android:name=".services.firebase.FCMService"
164            android:exported="false">
165            <intent-filter>
166                <action android:name="com.google.firebase.MESSAGING_EVENT"/>
167            </intent-filter>
168        </service>
169
170        <service
171            android:name=".services.AutoCancelService"
172            android:stopWithTask="true" />
173
174        <meta-data android:name="firebase_messaging_auto_init_enabled" android:value="true" />
175
176        <meta-data
177            android:name="com.google.firebase.messaging.default_notification_channel_id"
178            android:value="me.carda.awesome_notifications.firebase.background_channel"/>
179        -->
180        <receiver android:name="me.carda.awesome_notifications.notifications.broadcastReceivers.DismissedNotificationReceiver" />
180-->[:awesome_notifications] AndroidManifest.xml:41:9-130
180-->[:awesome_notifications] AndroidManifest.xml:41:19-127
181        <receiver android:name="me.carda.awesome_notifications.notifications.broadcastReceivers.ScheduledNotificationReceiver" />
181-->[:awesome_notifications] AndroidManifest.xml:42:9-130
181-->[:awesome_notifications] AndroidManifest.xml:42:19-127
182        <receiver android:name="me.carda.awesome_notifications.notifications.broadcastReceivers.KeepOnTopActionReceiver" />
182-->[:awesome_notifications] AndroidManifest.xml:43:9-124
182-->[:awesome_notifications] AndroidManifest.xml:43:19-121
183        <receiver android:name="me.carda.awesome_notifications.notifications.broadcastReceivers.RefreshNotificationBootReceiver" >
183-->[:awesome_notifications] AndroidManifest.xml:44:9-54:20
183-->[:awesome_notifications] AndroidManifest.xml:44:19-129
184            <intent-filter>
184-->[:awesome_notifications] AndroidManifest.xml:45:13-53:29
185                <category android:name="android.intent.category.DEFAULT" />
185-->[:awesome_notifications] AndroidManifest.xml:46:17-76
185-->[:awesome_notifications] AndroidManifest.xml:46:27-73
186
187                <action android:name="android.intent.action.BOOT_COMPLETED" />
187-->[:awesome_notifications] AndroidManifest.xml:48:17-79
187-->[:awesome_notifications] AndroidManifest.xml:48:25-76
188                <action android:name="android.intent.action.LOCKED_BOOT_COMPLETED" />
188-->[:awesome_notifications] AndroidManifest.xml:49:17-86
188-->[:awesome_notifications] AndroidManifest.xml:49:25-83
189                <action android:name="android.intent.action.MY_PACKAGE_REPLACED" />
189-->[:awesome_notifications] AndroidManifest.xml:50:17-84
189-->[:awesome_notifications] AndroidManifest.xml:50:25-81
190                <action android:name="android.intent.action.QUICKBOOT_POWERON" />
190-->[:awesome_notifications] AndroidManifest.xml:51:17-82
190-->[:awesome_notifications] AndroidManifest.xml:51:25-79
191                <action android:name="com.htc.intent.action.QUICKBOOT_POWERON" />
191-->[:awesome_notifications] AndroidManifest.xml:52:17-82
191-->[:awesome_notifications] AndroidManifest.xml:52:25-79
192            </intent-filter>
193        </receiver>
194        <receiver android:name="androidx.media.session.MediaButtonReceiver" >
194-->[:awesome_notifications] AndroidManifest.xml:55:9-59:20
194-->[:awesome_notifications] AndroidManifest.xml:55:19-76
195            <intent-filter>
195-->[:awesome_notifications] AndroidManifest.xml:56:13-58:29
196                <action android:name="android.intent.action.MEDIA_BUTTON" />
196-->[:awesome_notifications] AndroidManifest.xml:57:17-77
196-->[:awesome_notifications] AndroidManifest.xml:57:25-74
197            </intent-filter>
198        </receiver>
199        <receiver
199-->[com.google.firebase:firebase-messaging:22.0.0] AndroidManifest.xml:28:9-35:20
200            android:name="com.google.firebase.iid.FirebaseInstanceIdReceiver"
200-->[com.google.firebase:firebase-messaging:22.0.0] AndroidManifest.xml:29:13-78
201            android:exported="true"
201-->[com.google.firebase:firebase-messaging:22.0.0] AndroidManifest.xml:30:13-36
202            android:permission="com.google.android.c2dm.permission.SEND" >
202-->[com.google.firebase:firebase-messaging:22.0.0] AndroidManifest.xml:31:13-73
203            <intent-filter>
203-->[:firebase_messaging] AndroidManifest.xml:28:13-30:29
204                <action android:name="com.google.android.c2dm.intent.RECEIVE" />
204-->[:firebase_messaging] AndroidManifest.xml:29:17-81
204-->[:firebase_messaging] AndroidManifest.xml:29:25-78
205            </intent-filter>
206        </receiver>
207        <!--
208             FirebaseMessagingService performs security checks at runtime,
209             but set to not exported to explicitly avoid allowing another app to call it.
210        -->
211        <service
211-->[com.google.firebase:firebase-messaging:22.0.0] AndroidManifest.xml:41:9-48:19
212            android:name="com.google.firebase.messaging.FirebaseMessagingService"
212-->[com.google.firebase:firebase-messaging:22.0.0] AndroidManifest.xml:42:13-82
213            android:directBootAware="true"
213-->[com.google.firebase:firebase-messaging:22.0.0] AndroidManifest.xml:43:13-43
214            android:exported="false" >
214-->[com.google.firebase:firebase-messaging:22.0.0] AndroidManifest.xml:44:13-37
215            <intent-filter android:priority="-500" >
215-->[:firebase_messaging] AndroidManifest.xml:19:13-21:29
216                <action android:name="com.google.firebase.MESSAGING_EVENT" />
216-->[:firebase_messaging] AndroidManifest.xml:20:17-78
216-->[:firebase_messaging] AndroidManifest.xml:20:25-75
217            </intent-filter>
218        </service>
219        <service
219-->[com.google.android.datatransport:transport-backend-cct:3.0.0] AndroidManifest.xml:29:9-35:19
220            android:name="com.google.android.datatransport.runtime.backends.TransportBackendDiscovery"
220-->[com.google.android.datatransport:transport-backend-cct:3.0.0] AndroidManifest.xml:30:13-103
221            android:exported="false" >
221-->[com.google.android.datatransport:transport-backend-cct:3.0.0] AndroidManifest.xml:31:13-37
222            <meta-data
222-->[com.google.android.datatransport:transport-backend-cct:3.0.0] AndroidManifest.xml:32:13-34:39
223                android:name="backend:com.google.android.datatransport.cct.CctBackendFactory"
223-->[com.google.android.datatransport:transport-backend-cct:3.0.0] AndroidManifest.xml:33:17-94
224                android:value="cct" />
224-->[com.google.android.datatransport:transport-backend-cct:3.0.0] AndroidManifest.xml:34:17-36
225        </service>
226
227        <activity
227-->[com.google.firebase:firebase-auth:21.0.1] AndroidManifest.xml:27:9-44:20
228            android:name="com.google.firebase.auth.internal.GenericIdpActivity"
228-->[com.google.firebase:firebase-auth:21.0.1] AndroidManifest.xml:28:13-80
229            android:excludeFromRecents="true"
229-->[com.google.firebase:firebase-auth:21.0.1] AndroidManifest.xml:29:13-46
230            android:exported="true"
230-->[com.google.firebase:firebase-auth:21.0.1] AndroidManifest.xml:30:13-36
231            android:launchMode="singleTask"
231-->[com.google.firebase:firebase-auth:21.0.1] AndroidManifest.xml:31:13-44
232            android:theme="@android:style/Theme.Translucent.NoTitleBar" >
232-->[com.google.firebase:firebase-auth:21.0.1] AndroidManifest.xml:32:13-72
233            <intent-filter>
233-->[com.google.firebase:firebase-auth:21.0.1] AndroidManifest.xml:33:13-43:29
234                <action android:name="android.intent.action.VIEW" />
234-->[com.google.firebase:firebase-auth:21.0.1] AndroidManifest.xml:34:17-69
234-->[com.google.firebase:firebase-auth:21.0.1] AndroidManifest.xml:34:25-66
235
236                <category android:name="android.intent.category.DEFAULT" />
236-->[:awesome_notifications] AndroidManifest.xml:46:17-76
236-->[:awesome_notifications] AndroidManifest.xml:46:27-73
237                <category android:name="android.intent.category.BROWSABLE" />
237-->[com.google.firebase:firebase-auth:21.0.1] AndroidManifest.xml:37:17-78
237-->[com.google.firebase:firebase-auth:21.0.1] AndroidManifest.xml:37:27-75
238
239                <data
239-->[:file_picker] AndroidManifest.xml:13:13-44
240                    android:host="firebase.auth"
241                    android:path="/"
242                    android:scheme="genericidp" />
243            </intent-filter>
244        </activity>
245        <activity
245-->[com.google.firebase:firebase-auth:21.0.1] AndroidManifest.xml:45:9-62:20
246            android:name="com.google.firebase.auth.internal.RecaptchaActivity"
246-->[com.google.firebase:firebase-auth:21.0.1] AndroidManifest.xml:46:13-79
247            android:excludeFromRecents="true"
247-->[com.google.firebase:firebase-auth:21.0.1] AndroidManifest.xml:47:13-46
248            android:exported="true"
248-->[com.google.firebase:firebase-auth:21.0.1] AndroidManifest.xml:48:13-36
249            android:launchMode="singleTask"
249-->[com.google.firebase:firebase-auth:21.0.1] AndroidManifest.xml:49:13-44
250            android:theme="@android:style/Theme.Translucent.NoTitleBar" >
250-->[com.google.firebase:firebase-auth:21.0.1] AndroidManifest.xml:50:13-72
251            <intent-filter>
251-->[com.google.firebase:firebase-auth:21.0.1] AndroidManifest.xml:51:13-61:29
252                <action android:name="android.intent.action.VIEW" />
252-->[com.google.firebase:firebase-auth:21.0.1] AndroidManifest.xml:34:17-69
252-->[com.google.firebase:firebase-auth:21.0.1] AndroidManifest.xml:34:25-66
253
254                <category android:name="android.intent.category.DEFAULT" />
254-->[:awesome_notifications] AndroidManifest.xml:46:17-76
254-->[:awesome_notifications] AndroidManifest.xml:46:27-73
255                <category android:name="android.intent.category.BROWSABLE" />
255-->[com.google.firebase:firebase-auth:21.0.1] AndroidManifest.xml:37:17-78
255-->[com.google.firebase:firebase-auth:21.0.1] AndroidManifest.xml:37:27-75
256
257                <data
257-->[:file_picker] AndroidManifest.xml:13:13-44
258                    android:host="firebase.auth"
259                    android:path="/"
260                    android:scheme="recaptcha" />
261            </intent-filter>
262        </activity>
263
264        <service
264-->[com.google.firebase:firebase-auth:21.0.1] AndroidManifest.xml:64:9-73:19
265            android:name="com.google.firebase.auth.api.fallback.service.FirebaseAuthFallbackService"
265-->[com.google.firebase:firebase-auth:21.0.1] AndroidManifest.xml:65:13-101
266            android:enabled="true"
266-->[com.google.firebase:firebase-auth:21.0.1] AndroidManifest.xml:66:13-35
267            android:exported="false" >
267-->[com.google.firebase:firebase-auth:21.0.1] AndroidManifest.xml:67:13-37
268            <intent-filter>
268-->[com.google.firebase:firebase-auth:21.0.1] AndroidManifest.xml:68:13-72:29
269                <action android:name="com.google.firebase.auth.api.gms.service.START" />
269-->[com.google.firebase:firebase-auth:21.0.1] AndroidManifest.xml:69:17-89
269-->[com.google.firebase:firebase-auth:21.0.1] AndroidManifest.xml:69:25-86
270
271                <category android:name="android.intent.category.DEFAULT" />
271-->[:awesome_notifications] AndroidManifest.xml:46:17-76
271-->[:awesome_notifications] AndroidManifest.xml:46:27-73
272            </intent-filter>
273        </service>
274
275        <provider
275-->[com.google.firebase:firebase-common:20.0.0] AndroidManifest.xml:26:9-31:39
276            android:name="com.google.firebase.provider.FirebaseInitProvider"
276-->[com.google.firebase:firebase-common:20.0.0] AndroidManifest.xml:27:13-77
277            android:authorities="com.example.hq.firebaseinitprovider"
277-->[com.google.firebase:firebase-common:20.0.0] AndroidManifest.xml:28:13-72
278            android:directBootAware="true"
278-->[com.google.firebase:firebase-common:20.0.0] AndroidManifest.xml:29:13-43
279            android:exported="false"
279-->[com.google.firebase:firebase-common:20.0.0] AndroidManifest.xml:30:13-37
280            android:initOrder="100" />
280-->[com.google.firebase:firebase-common:20.0.0] AndroidManifest.xml:31:13-36
281
282        <activity
282-->[com.google.android.gms:play-services-auth:16.0.1] AndroidManifest.xml:23:9-27:75
283            android:name="com.google.android.gms.auth.api.signin.internal.SignInHubActivity"
283-->[com.google.android.gms:play-services-auth:16.0.1] AndroidManifest.xml:24:13-93
284            android:excludeFromRecents="true"
284-->[com.google.android.gms:play-services-auth:16.0.1] AndroidManifest.xml:25:13-46
285            android:exported="false"
285-->[com.google.android.gms:play-services-auth:16.0.1] AndroidManifest.xml:26:13-37
286            android:theme="@android:style/Theme.Translucent.NoTitleBar" />
286-->[com.google.android.gms:play-services-auth:16.0.1] AndroidManifest.xml:27:13-72
287        <!--
288            Service handling Google Sign-In user revocation. For apps that do not integrate with
289            Google Sign-In, this service will never be started.
290        -->
291        <service
291-->[com.google.android.gms:play-services-auth:16.0.1] AndroidManifest.xml:33:9-36:110
292            android:name="com.google.android.gms.auth.api.signin.RevocationBoundService"
292-->[com.google.android.gms:play-services-auth:16.0.1] AndroidManifest.xml:34:13-89
293            android:exported="true"